<?xml version="1.0" encoding="UTF-8"?>
<testsuites name="TC02_Login unsuccessfully" time="18.796" tests="1" failures="0" errors="0">
   <testsuite name="TC02_Login unsuccessfully" tests="1" failures="0" errors="0" time="18.796" skipped="0" timestamp="2023-07-17 18:42:50" hostname="vanmai - 172.16.1.42" id="Test Suites/Login/TC02_Login unsuccessfully">
      <properties>
         <property name="deviceName" value=""/>
         <property name="devicePlatform" value=""/>
         <property name="logFolder" value="/Users/vanmai/git/demoblaze-Katalon/Reports/20230717_184240/Login/TC02_Login unsuccessfully/20230717_184240"/>
         <property name="logFiles" value="/Users/vanmai/git/demoblaze-Katalon/Reports/20230717_184240/Login/TC02_Login unsuccessfully/20230717_184240/execution0.log"/>
         <property name="attachments" value=""/>
         <property name="hostName" value="vanmai - 172.16.1.42"/>
         <property name="os" value="Mac OS X 64bit"/>
         <property name="katalonVersion" value="8.6.5.208"/>
         <property name="browser" value="Chrome 114.0.0.0"/>
         <property name="hostAddress" value="192.168.10.27"/>
         <property name="sessionId" value="4baddde6d242d6be651b30e5e175e412"/>
         <property name="seleniumVersion" value="3.141.59"/>
         <property name="proxyInformation" value="ProxyInformation { proxyOption=NO_PROXY, proxyServerType=HTTP, username=, password=********, proxyServerAddress=, proxyServerPort=0, executionList=&quot;&quot;, isApplyToDesiredCapabilities=true }"/>
         <property name="platform" value="Mac OS X"/>
      </properties>
      <testcase name="Test Cases/Navigation Bar/Login/Login With Invalid Account" time="18.417" classname="Test Cases/Navigation Bar/Login/Login With Invalid Account" status="PASSED">
         <system-out><![CDATA[2023-07-17 18:42:50 - [TEST_CASE][PASSED] - Test Cases/Navigation Bar/Login/Login With Invalid Account: Test Cases/Navigation Bar/Login/Login With Invalid Account

2023-07-17 18:42:51 - [TEST_STEP][PASSED] - openBrowser(""): Browser is opened with url: ''

2023-07-17 18:42:51 - [MESSAGE][INFO] - Starting 'Chrome' driver

2023-07-17 18:42:51 - [MESSAGE][INFO] - Action delay is set to 0 milliseconds

2023-07-17 18:42:58 - [MESSAGE][PASSED] - Browser is opened with url: ''

2023-07-17 18:42:58 - [TEST_STEP][PASSED] - maximizeWindow(): Current window maximized

2023-07-17 18:42:58 - [MESSAGE][PASSED] - Current window maximized

2023-07-17 18:42:58 - [TEST_STEP][PASSED] - navigateToUrl(G_URL): Navigate to 'https://demoblaze.com/index.html' successfully

2023-07-17 18:43:01 - [MESSAGE][PASSED] - Navigate to 'https://demoblaze.com/index.html' successfully

2023-07-17 18:43:01 - [TEST_STEP][PASSED] - click(findTestObject("Object Repository/Page_STORE/a_Log in")): Object: 'Object Repository/Page_STORE/a_Log in' is clicked on

2023-07-17 18:43:03 - [MESSAGE][PASSED] - Object: 'Object Repository/Page_STORE/a_Log in' is clicked on

2023-07-17 18:43:03 - [TEST_STEP][PASSED] - setText(findTestObject("Object Repository/Page_STORE/input_Username_loginusername"), "testwithkatalon7"): Text 'testwithkatalon7' is set on object 'Object Repository/Page_STORE/input_Username_loginusername'

2023-07-17 18:43:04 - [MESSAGE][PASSED] - Text 'testwithkatalon7' is set on object 'Object Repository/Page_STORE/input_Username_loginusername'

2023-07-17 18:43:04 - [TEST_STEP][PASSED] - setEncryptedText(findTestObject("Object Repository/Page_STORE/input_Password_loginpassword"), "P9ET2sDE0SE="): Text ****** has been set on object 'Object Repository/Page_STORE/input_Password_loginpassword'

2023-07-17 18:43:05 - [MESSAGE][PASSED] - Text ****** has been set on object 'Object Repository/Page_STORE/input_Password_loginpassword'

2023-07-17 18:43:05 - [TEST_STEP][PASSED] - click(findTestObject("Object Repository/Page_STORE/button_Log in")): Object: 'Object Repository/Page_STORE/button_Log in' is clicked on

2023-07-17 18:43:05 - [MESSAGE][PASSED] - Object: 'Object Repository/Page_STORE/button_Log in' is clicked on

2023-07-17 18:43:05 - [TEST_STEP][PASSED] - delay(2): Delayed 2 second(s)

2023-07-17 18:43:07 - [MESSAGE][PASSED] - Delayed 2 second(s)

2023-07-17 18:43:07 - [TEST_STEP][PASSED] - closeBrowser(): Browser is closed

2023-07-17 18:43:09 - [MESSAGE][PASSED] - Browser is closed]]></system-out>
         <system-err><![CDATA[]]></system-err>
      </testcase>
      <system-out><![CDATA[2023-07-17 18:42:50 - [TEST_SUITE][PASSED] - TC02_Login unsuccessfully: Test Cases/Navigation Bar/Login/Login With Invalid Account]]></system-out>
      <system-err><![CDATA[]]></system-err>
   </testsuite>
</testsuites>
