<?xml version="1.0" encoding="UTF-8"?>
<testsuites name="TC03_Send contact" time="22.696" tests="1" failures="0" errors="0">
   <testsuite name="TC03_Send contact" tests="1" failures="0" errors="0" time="22.696" skipped="0" timestamp="2023-07-20 00:39:16" hostname="vanmai - 172.16.1.42" id="Test Suites/TC03_Send contact">
      <properties>
         <property name="deviceName" value=""/>
         <property name="devicePlatform" value=""/>
         <property name="logFolder" value="/Users/vanmai/git/demoblaze-Katalon/Reports/20230720_003906/TC03_Send contact/20230720_003906"/>
         <property name="logFiles" value="/Users/vanmai/git/demoblaze-Katalon/Reports/20230720_003906/TC03_Send contact/20230720_003906/execution0.log"/>
         <property name="attachments" value=""/>
         <property name="hostName" value="vanmai - 172.16.1.42"/>
         <property name="os" value="Mac OS X 64bit"/>
         <property name="katalonVersion" value="8.6.5.208"/>
         <property name="browser" value="Chrome 114.0.0.0"/>
         <property name="hostAddress" value="127.0.0.1"/>
         <property name="sessionId" value="6b302e4ee8ae9126fe8d61bae0386699"/>
         <property name="seleniumVersion" value="3.141.59"/>
         <property name="proxyInformation" value="ProxyInformation { proxyOption=NO_PROXY, proxyServerType=HTTP, username=, password=********, proxyServerAddress=, proxyServerPort=0, executionList=&quot;&quot;, isApplyToDesiredCapabilities=true }"/>
         <property name="platform" value="Mac OS X"/>
      </properties>
      <testcase name="Test Cases/Navigation Bar/Contact" time="22.06" classname="Test Cases/Navigation Bar/Contact" status="PASSED">
         <system-out><![CDATA[2023-07-20 00:39:16 - [TEST_CASE][PASSED] - Test Cases/Navigation Bar/Contact: Test Cases/Navigation Bar/Contact

2023-07-20 00:39:17 - [TEST_STEP][PASSED] - openBrowser(""): Browser is opened with url: ''

2023-07-20 00:39:18 - [MESSAGE][INFO] - Starting 'Chrome' driver

2023-07-20 00:39:19 - [MESSAGE][INFO] - Action delay is set to 0 milliseconds

2023-07-20 00:39:25 - [MESSAGE][PASSED] - Browser is opened with url: ''

2023-07-20 00:39:25 - [TEST_STEP][PASSED] - maximizeWindow(): Current window maximized

2023-07-20 00:39:25 - [MESSAGE][PASSED] - Current window maximized

2023-07-20 00:39:25 - [TEST_STEP][PASSED] - navigateToUrl(G_URL): Navigate to 'https://demoblaze.com/index.html' successfully

2023-07-20 00:39:32 - [MESSAGE][PASSED] - Navigate to 'https://demoblaze.com/index.html' successfully

2023-07-20 00:39:32 - [TEST_STEP][PASSED] - click(findTestObject("Object Repository/Page_STORE/a_Contact")): Object: 'Object Repository/Page_STORE/a_Contact' is clicked on

2023-07-20 00:39:34 - [MESSAGE][PASSED] - Object: 'Object Repository/Page_STORE/a_Contact' is clicked on

2023-07-20 00:39:34 - [TEST_STEP][PASSED] - setText(findTestObject("Object Repository/Page_STORE/input_Contact Email_recipient-email"), "miancloud@gmail.com"): Text 'miancloud@gmail.com' is set on object 'Object Repository/Page_STORE/input_Contact Email_recipient-email'

2023-07-20 00:39:35 - [MESSAGE][PASSED] - Text 'miancloud@gmail.com' is set on object 'Object Repository/Page_STORE/input_Contact Email_recipient-email'

2023-07-20 00:39:35 - [TEST_STEP][PASSED] - setText(findTestObject("Object Repository/Page_STORE/input_Contact Name_recipient-name"), "Mian"): Text 'Mian' is set on object 'Object Repository/Page_STORE/input_Contact Name_recipient-name'

2023-07-20 00:39:36 - [MESSAGE][PASSED] - Text 'Mian' is set on object 'Object Repository/Page_STORE/input_Contact Name_recipient-name'

2023-07-20 00:39:36 - [TEST_STEP][PASSED] - setText(findTestObject("Object Repository/Page_STORE/textarea_Message_message-text"), "test"): Text 'test' is set on object 'Object Repository/Page_STORE/textarea_Message_message-text'

2023-07-20 00:39:37 - [MESSAGE][PASSED] - Text 'test' is set on object 'Object Repository/Page_STORE/textarea_Message_message-text'

2023-07-20 00:39:37 - [TEST_STEP][PASSED] - click(findTestObject("Object Repository/Page_STORE/button_Send message")): Object: 'Object Repository/Page_STORE/button_Send message' is clicked on

2023-07-20 00:39:37 - [MESSAGE][PASSED] - Object: 'Object Repository/Page_STORE/button_Send message' is clicked on

2023-07-20 00:39:37 - [TEST_STEP][PASSED] - closeBrowser(): Browser is closed

2023-07-20 00:39:38 - [MESSAGE][PASSED] - Browser is closed]]></system-out>
         <system-err><![CDATA[]]></system-err>
      </testcase>
      <system-out><![CDATA[2023-07-20 00:39:16 - [TEST_SUITE][PASSED] - TC03_Send contact: Test Cases/Navigation Bar/Contact]]></system-out>
      <system-err><![CDATA[]]></system-err>
   </testsuite>
</testsuites>
