<?xml version="1.0" encoding="UTF-8"?>
<testsuites name="TC06_Add to Cart" time="30.049" tests="1" failures="0" errors="0">
   <testsuite name="TC06_Add to Cart" tests="1" failures="0" errors="0" time="30.049" skipped="0" timestamp="2023-07-23 23:48:36" hostname="vanmai - 172.168.99.75" id="Test Suites/Shopping/TC06_Add to Cart">
      <properties>
         <property name="deviceName" value=""/>
         <property name="devicePlatform" value=""/>
         <property name="logFolder" value="/Users/vanmai/git/demoblaze-Katalon/Reports/20230723_234727/Shopping/TC06_Add to Cart/20230723_234730"/>
         <property name="logFiles" value="/Users/vanmai/git/demoblaze-Katalon/Reports/20230723_234727/Shopping/TC06_Add to Cart/20230723_234730/execution0.log"/>
         <property name="attachments" value=""/>
         <property name="hostName" value="vanmai - 172.168.99.75"/>
         <property name="os" value="Mac OS X 64bit"/>
         <property name="katalonVersion" value="8.6.5.208"/>
         <property name="browser" value="Chrome 114.0.0.0"/>
         <property name="hostAddress" value="172.16.1.42"/>
         <property name="sessionId" value="ceeb52ad6277fcb66d44555d48076be4"/>
         <property name="seleniumVersion" value="3.141.59"/>
         <property name="proxyInformation" value="ProxyInformation { proxyOption=USE_SYSTEM, proxyServerType=HTTP, username=, password=********, proxyServerAddress=, proxyServerPort=0, executionList=&quot;&quot;, isApplyToDesiredCapabilities=true }"/>
         <property name="platform" value="Mac OS X"/>
      </properties>
      <testcase name="Test Cases/Shopping/Add to Cart" time="29.706" classname="Test Cases/Shopping/Add to Cart" status="PASSED">
         <system-out><![CDATA[2023-07-23 23:48:36 - [TEST_CASE][PASSED] - Test Cases/Shopping/Add to Cart: Test Cases/Shopping/Add to Cart

2023-07-23 23:48:37 - [TEST_STEP][PASSED] - login.Login.loginIntoApplicationWithGlobalVariable(): login.Login.loginIntoApplicationWithGlobalVariable is PASSED

2023-07-23 23:48:37 - [MESSAGE][INFO] - Starting 'Chrome' driver

2023-07-23 23:48:38 - [MESSAGE][INFO] - Action delay is set to 0 milliseconds

2023-07-23 23:48:42 - [MESSAGE][PASSED] - Browser is opened with url: ''

2023-07-23 23:48:43 - [MESSAGE][PASSED] - Current window maximized

2023-07-23 23:48:46 - [MESSAGE][PASSED] - Navigate to 'https://demoblaze.com/index.html' successfully

2023-07-23 23:48:48 - [MESSAGE][PASSED] - Object: 'Object Repository/Page_STORE/a_Log in' is clicked on

2023-07-23 23:48:53 - [MESSAGE][PASSED] - Text 'testwithkatalon' is set on object 'Object Repository/Page_STORE/input_Username_loginusername'

2023-07-23 23:48:54 - [MESSAGE][PASSED] - Text ****** has been set on object 'Object Repository/Page_STORE/input_Password_loginpassword'

2023-07-23 23:48:56 - [MESSAGE][PASSED] - Object: 'Object Repository/Page_STORE/button_Log in' is clicked on

2023-07-23 23:48:56 - [MESSAGE][PASSED] - login.Login.loginIntoApplicationWithGlobalVariable is PASSED

2023-07-23 23:48:56 - [TEST_STEP][PASSED] - click(findTestObject("Object Repository/Shopping/Page_STORE/a_Samsung galaxy s6")): Object: 'Object Repository/Shopping/Page_STORE/a_Samsung galaxy s6' is clicked on

2023-07-23 23:49:02 - [MESSAGE][PASSED] - Object: 'Object Repository/Shopping/Page_STORE/a_Samsung galaxy s6' is clicked on

2023-07-23 23:49:02 - [TEST_STEP][PASSED] - click(findTestObject("Object Repository/Shopping/Page_STORE/a_Add to cart")): Object: 'Object Repository/Shopping/Page_STORE/a_Add to cart' is clicked on

2023-07-23 23:49:03 - [MESSAGE][PASSED] - Object: 'Object Repository/Shopping/Page_STORE/a_Add to cart' is clicked on

2023-07-23 23:49:03 - [TEST_STEP][PASSED] - click(findTestObject("Object Repository/Shopping/Page_STORE/a_Cart")): Object: 'Object Repository/Shopping/Page_STORE/a_Cart' is clicked on

2023-07-23 23:49:05 - [MESSAGE][PASSED] - Object: 'Object Repository/Shopping/Page_STORE/a_Cart' is clicked on

2023-07-23 23:49:05 - [TEST_STEP][PASSED] - closeBrowser(): Browser is closed

2023-07-23 23:49:06 - [MESSAGE][PASSED] - Browser is closed]]></system-out>
         <system-err><![CDATA[]]></system-err>
      </testcase>
      <system-out><![CDATA[2023-07-23 23:48:36 - [TEST_SUITE][PASSED] - TC06_Add to Cart: Test Cases/Shopping/Add to Cart]]></system-out>
      <system-err><![CDATA[]]></system-err>
   </testsuite>
</testsuites>
