<?xml version="1.0" encoding="UTF-8"?>
<testsuites name="TC07_Order" time="35.832" tests="1" failures="0" errors="0">
   <testsuite name="TC07_Order" tests="1" failures="0" errors="0" time="35.832" skipped="0" timestamp="2023-07-23 15:16:40" hostname="vanmai - 172.16.1.42" id="Test Suites/Shopping/TC07_Order">
      <properties>
         <property name="deviceName" value=""/>
         <property name="devicePlatform" value=""/>
         <property name="logFolder" value="/Users/vanmai/git/demoblaze-Katalon/Reports/20230723_151631/Shopping/TC07_Order/20230723_151631"/>
         <property name="logFiles" value="/Users/vanmai/git/demoblaze-Katalon/Reports/20230723_151631/Shopping/TC07_Order/20230723_151631/execution0.log"/>
         <property name="attachments" value=""/>
         <property name="hostName" value="vanmai - 172.16.1.42"/>
         <property name="os" value="Mac OS X 64bit"/>
         <property name="katalonVersion" value="8.6.5.208"/>
         <property name="browser" value="Chrome 114.0.0.0"/>
         <property name="hostAddress" value="172.168.99.75"/>
         <property name="sessionId" value="ebb2d44b48adbcbba903db40ed2592aa"/>
         <property name="seleniumVersion" value="3.141.59"/>
         <property name="proxyInformation" value="ProxyInformation { proxyOption=USE_SYSTEM, proxyServerType=HTTP, username=, password=********, proxyServerAddress=, proxyServerPort=0, executionList=&quot;&quot;, isApplyToDesiredCapabilities=true }"/>
         <property name="platform" value="Mac OS X"/>
      </properties>
      <testcase name="Test Cases/Shopping/Order" time="35.326" classname="Test Cases/Shopping/Order" status="PASSED">
         <system-out><![CDATA[2023-07-23 15:16:41 - [TEST_CASE][PASSED] - Test Cases/Shopping/Order: Test Cases/Shopping/Order

2023-07-23 15:16:41 - [TEST_STEP][PASSED] - login.Login.loginIntoApplicationWithGlobalVariable(): login.Login.loginIntoApplicationWithGlobalVariable is PASSED

2023-07-23 15:16:42 - [MESSAGE][INFO] - Starting 'Chrome' driver

2023-07-23 15:16:42 - [MESSAGE][INFO] - Action delay is set to 0 milliseconds

2023-07-23 15:16:47 - [MESSAGE][PASSED] - Browser is opened with url: ''

2023-07-23 15:16:47 - [MESSAGE][PASSED] - Current window maximized

2023-07-23 15:16:53 - [MESSAGE][PASSED] - Navigate to 'https://demoblaze.com/index.html' successfully

2023-07-23 15:16:55 - [MESSAGE][PASSED] - Object: 'Object Repository/Page_STORE/a_Log in' is clicked on

2023-07-23 15:16:59 - [MESSAGE][PASSED] - Text 'testwithkatalon' is set on object 'Object Repository/Page_STORE/input_Username_loginusername'

2023-07-23 15:17:01 - [MESSAGE][PASSED] - Text ****** has been set on object 'Object Repository/Page_STORE/input_Password_loginpassword'

2023-07-23 15:17:03 - [MESSAGE][PASSED] - Object: 'Object Repository/Page_STORE/button_Log in' is clicked on

2023-07-23 15:17:03 - [MESSAGE][PASSED] - login.Login.loginIntoApplicationWithGlobalVariable is PASSED

2023-07-23 15:17:03 - [TEST_STEP][PASSED] - click(findTestObject("Object Repository/Shopping/Page_STORE/a_Samsung galaxy s6")): Object: 'Object Repository/Shopping/Page_STORE/a_Samsung galaxy s6' is clicked on

2023-07-23 15:17:08 - [MESSAGE][PASSED] - Object: 'Object Repository/Shopping/Page_STORE/a_Samsung galaxy s6' is clicked on

2023-07-23 15:17:08 - [TEST_STEP][PASSED] - click(findTestObject("Object Repository/Shopping/Page_STORE/a_Add to cart")): Object: 'Object Repository/Shopping/Page_STORE/a_Add to cart' is clicked on

2023-07-23 15:17:11 - [MESSAGE][PASSED] - Object: 'Object Repository/Shopping/Page_STORE/a_Add to cart' is clicked on

2023-07-23 15:17:11 - [TEST_STEP][PASSED] - click(findTestObject("Object Repository/Shopping/Page_STORE/a_Cart")): Object: 'Object Repository/Shopping/Page_STORE/a_Cart' is clicked on

2023-07-23 15:17:13 - [MESSAGE][PASSED] - Object: 'Object Repository/Shopping/Page_STORE/a_Cart' is clicked on

2023-07-23 15:17:13 - [TEST_STEP][PASSED] - click(findTestObject("Shopping/Page_STORE/button_order")): Object: 'Object Repository/Shopping/Page_STORE/button_order' is clicked on

2023-07-23 15:17:14 - [MESSAGE][PASSED] - Object: 'Object Repository/Shopping/Page_STORE/button_order' is clicked on

2023-07-23 15:17:14 - [TEST_STEP][PASSED] - setText(findTestObject("Shopping/Page_STORE/input_name"), "abc"): Text 'abc' is set on object 'Object Repository/Shopping/Page_STORE/input_name'

2023-07-23 15:17:15 - [MESSAGE][PASSED] - Text 'abc' is set on object 'Object Repository/Shopping/Page_STORE/input_name'

2023-07-23 15:17:15 - [TEST_STEP][PASSED] - closeBrowser(): Browser is closed

2023-07-23 15:17:16 - [MESSAGE][PASSED] - Browser is closed]]></system-out>
         <system-err><![CDATA[]]></system-err>
      </testcase>
      <system-out><![CDATA[2023-07-23 15:16:40 - [TEST_SUITE][PASSED] - TC07_Order: Test Cases/Shopping/Order]]></system-out>
      <system-err><![CDATA[]]></system-err>
   </testsuite>
</testsuites>
