<?xml version="1.0" encoding="UTF-8"?>
<testsuites name="TC05_Logout" time="16.17" tests="1" failures="0" errors="0">
   <testsuite name="TC05_Logout" tests="1" failures="0" errors="0" time="16.17" skipped="0" timestamp="2023-07-17 19:09:27" hostname="vanmai - 172.16.1.42" id="Test Suites/TC05_Logout">
      <properties>
         <property name="deviceName" value=""/>
         <property name="devicePlatform" value=""/>
         <property name="logFolder" value="/Users/vanmai/git/demoblaze-Katalon/Reports/20230717_190917/TC05_Logout/20230717_190917"/>
         <property name="logFiles" value="/Users/vanmai/git/demoblaze-Katalon/Reports/20230717_190917/TC05_Logout/20230717_190917/execution0.log"/>
         <property name="attachments" value=""/>
         <property name="hostName" value="vanmai - 172.16.1.42"/>
         <property name="os" value="Mac OS X 64bit"/>
         <property name="katalonVersion" value="8.6.5.208"/>
         <property name="browser" value="Chrome 114.0.0.0"/>
         <property name="hostAddress" value="192.168.10.27"/>
         <property name="sessionId" value="6f999c6e16f61f2b1fa893c2fa8d03d3"/>
         <property name="seleniumVersion" value="3.141.59"/>
         <property name="proxyInformation" value="ProxyInformation { proxyOption=NO_PROXY, proxyServerType=HTTP, username=, password=********, proxyServerAddress=, proxyServerPort=0, executionList=&quot;&quot;, isApplyToDesiredCapabilities=true }"/>
         <property name="platform" value="Mac OS X"/>
      </properties>
      <testcase name="Test Cases/Navigation Bar/Logout" time="15.746" classname="Test Cases/Navigation Bar/Logout" status="PASSED">
         <system-out><![CDATA[2023-07-17 19:09:27 - [TEST_CASE][PASSED] - Test Cases/Navigation Bar/Logout: Test Cases/Navigation Bar/Logout

2023-07-17 19:09:28 - [TEST_STEP][PASSED] - login.Login.loginIntoApplicationWithGlobalVariable(): login.Login.loginIntoApplicationWithGlobalVariable is PASSED

2023-07-17 19:09:28 - [MESSAGE][INFO] - Starting 'Chrome' driver

2023-07-17 19:09:28 - [MESSAGE][INFO] - Action delay is set to 0 milliseconds

2023-07-17 19:09:33 - [MESSAGE][PASSED] - Browser is opened with url: ''

2023-07-17 19:09:33 - [MESSAGE][PASSED] - Current window maximized

2023-07-17 19:09:36 - [MESSAGE][PASSED] - Navigate to 'https://demoblaze.com/index.html' successfully

2023-07-17 19:09:37 - [MESSAGE][PASSED] - Object: 'Object Repository/Page_STORE/a_Log in' is clicked on

2023-07-17 19:09:38 - [MESSAGE][PASSED] - Text 'testwithkatalon' is set on object 'Object Repository/Page_STORE/input_Username_loginusername'

2023-07-17 19:09:39 - [MESSAGE][PASSED] - Text ****** has been set on object 'Object Repository/Page_STORE/input_Password_loginpassword'

2023-07-17 19:09:39 - [MESSAGE][PASSED] - Object: 'Object Repository/Page_STORE/button_Log in' is clicked on

2023-07-17 19:09:39 - [MESSAGE][PASSED] - login.Login.loginIntoApplicationWithGlobalVariable is PASSED

2023-07-17 19:09:39 - [TEST_STEP][PASSED] - click(findTestObject("Page_STORE/a_Logout")): Object: 'Object Repository/Page_STORE/a_Logout' is clicked on

2023-07-17 19:09:42 - [MESSAGE][PASSED] - Object: 'Object Repository/Page_STORE/a_Logout' is clicked on

2023-07-17 19:09:42 - [TEST_STEP][PASSED] - closeBrowser(): Browser is closed

2023-07-17 19:09:43 - [MESSAGE][PASSED] - Browser is closed]]></system-out>
         <system-err><![CDATA[]]></system-err>
      </testcase>
      <system-out><![CDATA[2023-07-17 19:09:27 - [TEST_SUITE][PASSED] - TC05_Logout: Test Cases/Navigation Bar/Logout]]></system-out>
      <system-err><![CDATA[]]></system-err>
   </testsuite>
</testsuites>
