<?xml version="1.0" encoding="UTF-8"?>
<testsuites name="TC01_Login successfully" time="21.006" tests="1" failures="0" errors="0">
   <testsuite name="TC01_Login successfully" tests="1" failures="0" errors="0" time="21.006" skipped="0" timestamp="2023-07-20 00:11:15" hostname="vanmai - localhost" id="Test Suites/Login/TC01_Login successfully">
      <properties>
         <property name="deviceName" value=""/>
         <property name="devicePlatform" value=""/>
         <property name="logFolder" value="/Users/vanmai/git/demoblaze-Katalon/Reports/20230720_001104/Login/TC01_Login successfully/20230720_001105"/>
         <property name="logFiles" value="/Users/vanmai/git/demoblaze-Katalon/Reports/20230720_001104/Login/TC01_Login successfully/20230720_001105/execution0.log"/>
         <property name="attachments" value=""/>
         <property name="hostName" value="vanmai - localhost"/>
         <property name="os" value="Mac OS X 64bit"/>
         <property name="katalonVersion" value="8.6.5.208"/>
         <property name="browser" value="Chrome 114.0.0.0"/>
         <property name="hostAddress" value="127.0.0.1"/>
         <property name="sessionId" value="bf9a6e384ff53df0fdcf456c9cf02445"/>
         <property name="seleniumVersion" value="3.141.59"/>
         <property name="proxyInformation" value="ProxyInformation { proxyOption=NO_PROXY, proxyServerType=HTTP, username=, password=********, proxyServerAddress=, proxyServerPort=0, executionList=&quot;&quot;, isApplyToDesiredCapabilities=true }"/>
         <property name="platform" value="Mac OS X"/>
      </properties>
      <testcase name="Test Cases/Navigation Bar/Login/Login With Valid Account" time="20.613" classname="Test Cases/Navigation Bar/Login/Login With Valid Account" status="PASSED">
         <system-out><![CDATA[2023-07-20 00:11:15 - [TEST_CASE][PASSED] - Test Cases/Navigation Bar/Login/Login With Valid Account: Test Cases/Navigation Bar/Login/Login With Valid Account

2023-07-20 00:11:16 - [TEST_STEP][PASSED] - openBrowser(""): Browser is opened with url: ''

2023-07-20 00:11:16 - [MESSAGE][INFO] - Starting 'Chrome' driver

2023-07-20 00:11:16 - [MESSAGE][INFO] - Action delay is set to 0 milliseconds

2023-07-20 00:11:26 - [MESSAGE][PASSED] - Browser is opened with url: ''

2023-07-20 00:11:26 - [TEST_STEP][PASSED] - maximizeWindow(): Current window maximized

2023-07-20 00:11:27 - [MESSAGE][PASSED] - Current window maximized

2023-07-20 00:11:27 - [TEST_STEP][PASSED] - navigateToUrl(G_URL): Navigate to 'https://demoblaze.com/index.html' successfully

2023-07-20 00:11:30 - [MESSAGE][PASSED] - Navigate to 'https://demoblaze.com/index.html' successfully

2023-07-20 00:11:30 - [TEST_STEP][PASSED] - click(findTestObject("Object Repository/Page_STORE/a_Log in")): Object: 'Object Repository/Page_STORE/a_Log in' is clicked on

2023-07-20 00:11:32 - [MESSAGE][PASSED] - Object: 'Object Repository/Page_STORE/a_Log in' is clicked on

2023-07-20 00:11:32 - [TEST_STEP][PASSED] - setText(findTestObject("Object Repository/Page_STORE/input_Username_loginusername"), "testwithkatalon"): Text 'testwithkatalon' is set on object 'Object Repository/Page_STORE/input_Username_loginusername'

2023-07-20 00:11:34 - [MESSAGE][PASSED] - Text 'testwithkatalon' is set on object 'Object Repository/Page_STORE/input_Username_loginusername'

2023-07-20 00:11:34 - [TEST_STEP][PASSED] - setEncryptedText(findTestObject("Object Repository/Page_STORE/input_Password_loginpassword"), "P9ET2sDE0SE="): Text ****** has been set on object 'Object Repository/Page_STORE/input_Password_loginpassword'

2023-07-20 00:11:34 - [MESSAGE][PASSED] - Text ****** has been set on object 'Object Repository/Page_STORE/input_Password_loginpassword'

2023-07-20 00:11:34 - [TEST_STEP][PASSED] - click(findTestObject("Object Repository/Page_STORE/button_Log in")): Object: 'Object Repository/Page_STORE/button_Log in' is clicked on

2023-07-20 00:11:35 - [MESSAGE][PASSED] - Object: 'Object Repository/Page_STORE/button_Log in' is clicked on

2023-07-20 00:11:35 - [TEST_STEP][PASSED] - closeBrowser(): Browser is closed

2023-07-20 00:11:36 - [MESSAGE][PASSED] - Browser is closed]]></system-out>
         <system-err><![CDATA[]]></system-err>
      </testcase>
      <system-out><![CDATA[2023-07-20 00:11:15 - [TEST_SUITE][PASSED] - TC01_Login successfully: Test Cases/Navigation Bar/Login/Login With Valid Account]]></system-out>
      <system-err><![CDATA[]]></system-err>
   </testsuite>
</testsuites>
