<?xml version="1.0" encoding="UTF-8"?>
<testsuites name="TC07_Order" time="24.542" tests="1" failures="0" errors="0">
   <testsuite name="TC07_Order" tests="1" failures="0" errors="0" time="24.542" skipped="0" timestamp="2023-07-23 15:21:26" hostname="vanmai - 172.16.1.42" id="Test Suites/Shopping/TC07_Order">
      <properties>
         <property name="deviceName" value=""/>
         <property name="devicePlatform" value=""/>
         <property name="logFolder" value="/Users/vanmai/git/demoblaze-Katalon/Reports/20230723_152117/Shopping/TC07_Order/20230723_152117"/>
         <property name="logFiles" value="/Users/vanmai/git/demoblaze-Katalon/Reports/20230723_152117/Shopping/TC07_Order/20230723_152117/execution0.log"/>
         <property name="attachments" value=""/>
         <property name="hostName" value="vanmai - 172.16.1.42"/>
         <property name="os" value="Mac OS X 64bit"/>
         <property name="katalonVersion" value="8.6.5.208"/>
         <property name="browser" value="Chrome 114.0.0.0"/>
         <property name="hostAddress" value="172.168.99.75"/>
         <property name="sessionId" value="b5cadc8fdc8c333cd78e9c8d44a33a6e"/>
         <property name="seleniumVersion" value="3.141.59"/>
         <property name="proxyInformation" value="ProxyInformation { proxyOption=USE_SYSTEM, proxyServerType=HTTP, username=, password=********, proxyServerAddress=, proxyServerPort=0, executionList=&quot;&quot;, isApplyToDesiredCapabilities=true }"/>
         <property name="platform" value="Mac OS X"/>
      </properties>
      <testcase name="Test Cases/Shopping/Order" time="24.166" classname="Test Cases/Shopping/Order" status="PASSED">
         <system-out><![CDATA[2023-07-23 15:21:27 - [TEST_CASE][PASSED] - Test Cases/Shopping/Order: Test Cases/Shopping/Order

2023-07-23 15:21:27 - [TEST_STEP][PASSED] - login.Login.loginIntoApplicationWithGlobalVariable(): login.Login.loginIntoApplicationWithGlobalVariable is PASSED

2023-07-23 15:21:28 - [MESSAGE][INFO] - Starting 'Chrome' driver

2023-07-23 15:21:28 - [MESSAGE][INFO] - Action delay is set to 0 milliseconds

2023-07-23 15:21:33 - [MESSAGE][PASSED] - Browser is opened with url: ''

2023-07-23 15:21:34 - [MESSAGE][PASSED] - Current window maximized

2023-07-23 15:21:35 - [MESSAGE][PASSED] - Navigate to 'https://demoblaze.com/index.html' successfully

2023-07-23 15:21:36 - [MESSAGE][PASSED] - Object: 'Object Repository/Page_STORE/a_Log in' is clicked on

2023-07-23 15:21:37 - [MESSAGE][PASSED] - Text 'testwithkatalon' is set on object 'Object Repository/Page_STORE/input_Username_loginusername'

2023-07-23 15:21:38 - [MESSAGE][PASSED] - Text ****** has been set on object 'Object Repository/Page_STORE/input_Password_loginpassword'

2023-07-23 15:21:38 - [MESSAGE][PASSED] - Object: 'Object Repository/Page_STORE/button_Log in' is clicked on

2023-07-23 15:21:38 - [MESSAGE][PASSED] - login.Login.loginIntoApplicationWithGlobalVariable is PASSED

2023-07-23 15:21:38 - [TEST_STEP][PASSED] - click(findTestObject("Object Repository/Shopping/Page_STORE/a_Samsung galaxy s6")): Object: 'Object Repository/Shopping/Page_STORE/a_Samsung galaxy s6' is clicked on

2023-07-23 15:21:41 - [MESSAGE][PASSED] - Object: 'Object Repository/Shopping/Page_STORE/a_Samsung galaxy s6' is clicked on

2023-07-23 15:21:41 - [TEST_STEP][PASSED] - click(findTestObject("Object Repository/Shopping/Page_STORE/a_Add to cart")): Object: 'Object Repository/Shopping/Page_STORE/a_Add to cart' is clicked on

2023-07-23 15:21:42 - [MESSAGE][PASSED] - Object: 'Object Repository/Shopping/Page_STORE/a_Add to cart' is clicked on

2023-07-23 15:21:42 - [TEST_STEP][PASSED] - click(findTestObject("Object Repository/Shopping/Page_STORE/a_Cart")): Object: 'Object Repository/Shopping/Page_STORE/a_Cart' is clicked on

2023-07-23 15:21:43 - [MESSAGE][PASSED] - Object: 'Object Repository/Shopping/Page_STORE/a_Cart' is clicked on

2023-07-23 15:21:43 - [TEST_STEP][PASSED] - click(findTestObject("Shopping/Page_STORE/button_order")): Object: 'Object Repository/Shopping/Page_STORE/button_order' is clicked on

2023-07-23 15:21:45 - [MESSAGE][PASSED] - Object: 'Object Repository/Shopping/Page_STORE/button_order' is clicked on

2023-07-23 15:21:45 - [TEST_STEP][PASSED] - setText(findTestObject("Shopping/Page_STORE/input_name"), "abc"): Text 'abc' is set on object 'Object Repository/Shopping/Page_STORE/input_name'

2023-07-23 15:21:46 - [MESSAGE][PASSED] - Text 'abc' is set on object 'Object Repository/Shopping/Page_STORE/input_name'

2023-07-23 15:21:46 - [TEST_STEP][PASSED] - setText(findTestObject("Shopping/Page_STORE/input_city"), "SG"): Text 'SG' is set on object 'Object Repository/Shopping/Page_STORE/input_city'

2023-07-23 15:21:47 - [MESSAGE][PASSED] - Text 'SG' is set on object 'Object Repository/Shopping/Page_STORE/input_city'

2023-07-23 15:21:47 - [TEST_STEP][PASSED] - setText(findTestObject("Shopping/Page_STORE/input_country"), "VN"): Text 'VN' is set on object 'Object Repository/Shopping/Page_STORE/input_country'

2023-07-23 15:21:47 - [MESSAGE][PASSED] - Text 'VN' is set on object 'Object Repository/Shopping/Page_STORE/input_country'

2023-07-23 15:21:47 - [TEST_STEP][PASSED] - setText(findTestObject("Shopping/Page_STORE/input_month"), "12"): Text '12' is set on object 'Object Repository/Shopping/Page_STORE/input_month'

2023-07-23 15:21:48 - [MESSAGE][PASSED] - Text '12' is set on object 'Object Repository/Shopping/Page_STORE/input_month'

2023-07-23 15:21:48 - [TEST_STEP][PASSED] - setText(findTestObject("Shopping/Page_STORE/input_card"), "1234567890"): Text '1234567890' is set on object 'Object Repository/Shopping/Page_STORE/input_card'

2023-07-23 15:21:49 - [MESSAGE][PASSED] - Text '1234567890' is set on object 'Object Repository/Shopping/Page_STORE/input_card'

2023-07-23 15:21:49 - [TEST_STEP][PASSED] - setText(findTestObject("Shopping/Page_STORE/input_year"), "2023"): Text '2023' is set on object 'Object Repository/Shopping/Page_STORE/input_year'

2023-07-23 15:21:49 - [MESSAGE][PASSED] - Text '2023' is set on object 'Object Repository/Shopping/Page_STORE/input_year'

2023-07-23 15:21:49 - [TEST_STEP][PASSED] - click(findTestObject("Shopping/Page_STORE/button_purchase")): Object: 'Object Repository/Shopping/Page_STORE/button_purchase' is clicked on

2023-07-23 15:21:50 - [MESSAGE][PASSED] - Object: 'Object Repository/Shopping/Page_STORE/button_purchase' is clicked on

2023-07-23 15:21:50 - [TEST_STEP][PASSED] - closeBrowser(): Browser is closed

2023-07-23 15:21:51 - [MESSAGE][PASSED] - Browser is closed]]></system-out>
         <system-err><![CDATA[]]></system-err>
      </testcase>
      <system-out><![CDATA[2023-07-23 15:21:26 - [TEST_SUITE][PASSED] - TC07_Order: Test Cases/Shopping/Order]]></system-out>
      <system-err><![CDATA[]]></system-err>
   </testsuite>
</testsuites>
