<?xml version="1.0" encoding="UTF-8"?>
<testsuites name="TC06_Add to Cart" time="18.74" tests="1" failures="0" errors="0">
   <testsuite name="TC06_Add to Cart" tests="1" failures="0" errors="0" time="18.74" skipped="0" timestamp="2023-07-17 19:28:01" hostname="vanmai - 172.16.1.42" id="Test Suites/Shopping/TC06_Add to Cart">
      <properties>
         <property name="deviceName" value=""/>
         <property name="devicePlatform" value=""/>
         <property name="logFolder" value="/Users/vanmai/git/demoblaze-Katalon/Reports/20230717_192752/Shopping/TC06_Add to Cart/20230717_192752"/>
         <property name="logFiles" value="/Users/vanmai/git/demoblaze-Katalon/Reports/20230717_192752/Shopping/TC06_Add to Cart/20230717_192752/execution0.log"/>
         <property name="attachments" value=""/>
         <property name="hostName" value="vanmai - 172.16.1.42"/>
         <property name="os" value="Mac OS X 64bit"/>
         <property name="katalonVersion" value="8.6.5.208"/>
         <property name="browser" value="Chrome 114.0.0.0"/>
         <property name="hostAddress" value="192.168.10.27"/>
         <property name="sessionId" value="5c3a98a8e8fd098b0cdac59e17b6f8a1"/>
         <property name="seleniumVersion" value="3.141.59"/>
         <property name="proxyInformation" value="ProxyInformation { proxyOption=NO_PROXY, proxyServerType=HTTP, username=, password=********, proxyServerAddress=, proxyServerPort=0, executionList=&quot;&quot;, isApplyToDesiredCapabilities=true }"/>
         <property name="platform" value="Mac OS X"/>
      </properties>
      <testcase name="Test Cases/Shopping/Add to Cart" time="18.388" classname="Test Cases/Shopping/Add to Cart" status="PASSED">
         <system-out><![CDATA[2023-07-17 19:28:01 - [TEST_CASE][PASSED] - Test Cases/Shopping/Add to Cart: Test Cases/Shopping/Add to Cart

2023-07-17 19:28:02 - [TEST_STEP][PASSED] - login.Login.loginIntoApplicationWithGlobalVariable(): login.Login.loginIntoApplicationWithGlobalVariable is PASSED

2023-07-17 19:28:02 - [MESSAGE][INFO] - Starting 'Chrome' driver

2023-07-17 19:28:02 - [MESSAGE][INFO] - Action delay is set to 0 milliseconds

2023-07-17 19:28:06 - [MESSAGE][PASSED] - Browser is opened with url: ''

2023-07-17 19:28:07 - [MESSAGE][PASSED] - Current window maximized

2023-07-17 19:28:09 - [MESSAGE][PASSED] - Navigate to 'https://demoblaze.com/index.html' successfully

2023-07-17 19:28:10 - [MESSAGE][PASSED] - Object: 'Object Repository/Page_STORE/a_Log in' is clicked on

2023-07-17 19:28:11 - [MESSAGE][PASSED] - Text 'testwithkatalon' is set on object 'Object Repository/Page_STORE/input_Username_loginusername'

2023-07-17 19:28:12 - [MESSAGE][PASSED] - Text ****** has been set on object 'Object Repository/Page_STORE/input_Password_loginpassword'

2023-07-17 19:28:12 - [MESSAGE][PASSED] - Object: 'Object Repository/Page_STORE/button_Log in' is clicked on

2023-07-17 19:28:12 - [MESSAGE][PASSED] - login.Login.loginIntoApplicationWithGlobalVariable is PASSED

2023-07-17 19:28:12 - [TEST_STEP][PASSED] - click(findTestObject("Object Repository/Shopping/Page_STORE/a_Samsung galaxy s6")): Object: 'Object Repository/Shopping/Page_STORE/a_Samsung galaxy s6' is clicked on

2023-07-17 19:28:15 - [MESSAGE][PASSED] - Object: 'Object Repository/Shopping/Page_STORE/a_Samsung galaxy s6' is clicked on

2023-07-17 19:28:15 - [TEST_STEP][PASSED] - click(findTestObject("Object Repository/Shopping/Page_STORE/a_Add to cart")): Object: 'Object Repository/Shopping/Page_STORE/a_Add to cart' is clicked on

2023-07-17 19:28:16 - [MESSAGE][PASSED] - Object: 'Object Repository/Shopping/Page_STORE/a_Add to cart' is clicked on

2023-07-17 19:28:16 - [TEST_STEP][PASSED] - click(findTestObject("Object Repository/Shopping/Page_STORE/a_Cart")): Object: 'Object Repository/Shopping/Page_STORE/a_Cart' is clicked on

2023-07-17 19:28:18 - [MESSAGE][PASSED] - Object: 'Object Repository/Shopping/Page_STORE/a_Cart' is clicked on

2023-07-17 19:28:18 - [TEST_STEP][PASSED] - closeBrowser(): Browser is closed

2023-07-17 19:28:20 - [MESSAGE][PASSED] - Browser is closed]]></system-out>
         <system-err><![CDATA[]]></system-err>
      </testcase>
      <system-out><![CDATA[2023-07-17 19:28:01 - [TEST_SUITE][PASSED] - TC06_Add to Cart: Test Cases/Shopping/Add to Cart]]></system-out>
      <system-err><![CDATA[]]></system-err>
   </testsuite>
</testsuites>
