<?xml version="1.0" encoding="UTF-8"?>
<testsuites name="TC01_Login successfully" time="21.118" tests="1" failures="0" errors="0">
   <testsuite name="TC01_Login successfully" tests="1" failures="0" errors="0" time="21.118" skipped="0" timestamp="2023-07-19 00:06:43" hostname="vanmai - 172.16.1.42" id="Test Suites/Login/TC01_Login successfully">
      <properties>
         <property name="deviceName" value=""/>
         <property name="devicePlatform" value=""/>
         <property name="logFolder" value="/Users/vanmai/git/demoblaze-Katalon/Reports/20230719_000625/Login/TC01_Login successfully/20230719_000627"/>
         <property name="logFiles" value="/Users/vanmai/git/demoblaze-Katalon/Reports/20230719_000625/Login/TC01_Login successfully/20230719_000627/execution0.log"/>
         <property name="attachments" value=""/>
         <property name="hostName" value="vanmai - 172.16.1.42"/>
         <property name="os" value="Mac OS X 64bit"/>
         <property name="katalonVersion" value="8.6.5.208"/>
         <property name="browser" value="Chrome 114.0.0.0"/>
         <property name="hostAddress" value="172.16.1.42"/>
         <property name="sessionId" value="d600ebfa5b265458eb9cd4a8f0af78d1"/>
         <property name="seleniumVersion" value="3.141.59"/>
         <property name="proxyInformation" value="ProxyInformation { proxyOption=NO_PROXY, proxyServerType=HTTP, username=, password=********, proxyServerAddress=, proxyServerPort=0, executionList=&quot;&quot;, isApplyToDesiredCapabilities=true }"/>
         <property name="platform" value="Mac OS X"/>
      </properties>
      <testcase name="Test Cases/Navigation Bar/Login/Login With Valid Account" time="20.514" classname="Test Cases/Navigation Bar/Login/Login With Valid Account" status="PASSED">
         <system-out><![CDATA[2023-07-19 00:06:44 - [TEST_CASE][PASSED] - Test Cases/Navigation Bar/Login/Login With Valid Account: Test Cases/Navigation Bar/Login/Login With Valid Account

2023-07-19 00:06:44 - [TEST_STEP][PASSED] - openBrowser(""): Browser is opened with url: ''

2023-07-19 00:06:45 - [MESSAGE][INFO] - Starting 'Chrome' driver

2023-07-19 00:06:45 - [MESSAGE][INFO] - Action delay is set to 0 milliseconds

2023-07-19 00:06:53 - [MESSAGE][PASSED] - Browser is opened with url: ''

2023-07-19 00:06:53 - [TEST_STEP][PASSED] - maximizeWindow(): Current window maximized

2023-07-19 00:06:53 - [MESSAGE][PASSED] - Current window maximized

2023-07-19 00:06:53 - [TEST_STEP][PASSED] - navigateToUrl(G_URL): Navigate to 'https://demoblaze.com/index.html' successfully

2023-07-19 00:06:57 - [MESSAGE][PASSED] - Navigate to 'https://demoblaze.com/index.html' successfully

2023-07-19 00:06:57 - [TEST_STEP][PASSED] - click(findTestObject("Object Repository/Page_STORE/a_Log in")): Object: 'Object Repository/Page_STORE/a_Log in' is clicked on

2023-07-19 00:07:00 - [MESSAGE][PASSED] - Object: 'Object Repository/Page_STORE/a_Log in' is clicked on

2023-07-19 00:07:00 - [TEST_STEP][PASSED] - setText(findTestObject("Object Repository/Page_STORE/input_Username_loginusername"), "testwithkatalon"): Text 'testwithkatalon' is set on object 'Object Repository/Page_STORE/input_Username_loginusername'

2023-07-19 00:07:01 - [MESSAGE][PASSED] - Text 'testwithkatalon' is set on object 'Object Repository/Page_STORE/input_Username_loginusername'

2023-07-19 00:07:01 - [TEST_STEP][PASSED] - setEncryptedText(findTestObject("Object Repository/Page_STORE/input_Password_loginpassword"), "P9ET2sDE0SE="): Text ****** has been set on object 'Object Repository/Page_STORE/input_Password_loginpassword'

2023-07-19 00:07:02 - [MESSAGE][PASSED] - Text ****** has been set on object 'Object Repository/Page_STORE/input_Password_loginpassword'

2023-07-19 00:07:02 - [TEST_STEP][PASSED] - click(findTestObject("Object Repository/Page_STORE/button_Log in")): Object: 'Object Repository/Page_STORE/button_Log in' is clicked on

2023-07-19 00:07:02 - [MESSAGE][PASSED] - Object: 'Object Repository/Page_STORE/button_Log in' is clicked on

2023-07-19 00:07:02 - [TEST_STEP][PASSED] - closeBrowser(): Browser is closed

2023-07-19 00:07:04 - [MESSAGE][PASSED] - Browser is closed]]></system-out>
         <system-err><![CDATA[]]></system-err>
      </testcase>
      <system-out><![CDATA[2023-07-19 00:06:43 - [TEST_SUITE][PASSED] - TC01_Login successfully: Test Cases/Navigation Bar/Login/Login With Valid Account]]></system-out>
      <system-err><![CDATA[]]></system-err>
   </testsuite>
</testsuites>
